app/proguard-rules.pro
# Aggressive ProGuard Rules for APK Size Optimization

# Enable all optimizations
-optimizationpasses 5
-dontusemixedcaseclassnames
-dontskipnonpubliclibraryclasses
-verbose

# Optimization options
-optimizations !code/simplification/arithmetic,!code/simplification/cast,!field/*,!class/merging/*
-allowaccessmodification
-repackageclasses ''

# Remove logging
-assumenosideeffects class android.util.Log {
    public static *** d(...);
    public static *** v(...);
    public static *** i(...);
    public static *** w(...);
    public static *** e(...);
}

# Keep InputMethodService
-keep public class * extends android.inputmethodservice.InputMethodService {
    public <methods>;
}

# Keep Activity
-keep public class * extends android.app.Activity {
    public <methods>;
}

# Keep View constructors
-keepclasseswithmembers class * {
    public <init>(android.content.Context, android.util.AttributeSet);
}

-keepclasseswithmembers class * {
    public <init>(android.content.Context, android.util.AttributeSet, int);
}

# Keep native methods
-keepclasseswithmembernames class * {
    native <methods>;
}

# Aggressive shrinking
-dontwarn **
-dontnote **