app/build/outputs/mapping/release/seeds.txt
com.example.xlkeyboard.MainActivity
com.example.xlkeyboard.NumberPadService
com.example.xlkeyboard.NumberPadService: NumberPadService()
com.example.xlkeyboard.MainActivity: MainActivity()