app/build/outputs/mapping/release/mapping.txt
# compiler: R8
# compiler_version: 8.13.17
# min_api: 24
# common_typos_disable
# {"id":"com.android.tools.r8.mapping","version":"2.2"}
# pg_map_id: a3231c67e14354229242dad8539a69ee1e92acbe680d66e39483a31f1c51784b
# pg_map_hash: SHA-256 a3231c67e14354229242dad8539a69ee1e92acbe680d66e39483a31f1c51784b
com.example.xlkeyboard.MainActivity -> com.example.xlkeyboard.MainActivity:
# {"id":"sourceFile","fileName":"MainActivity.java"}
    1:1:void <init>():12:12 -> <init>
    1:5:void onCreate(android.os.Bundle):16:16 -> onCreate
    6:11:void onCreate(android.os.Bundle):17:17 -> onCreate
    12:17:void onCreate(android.os.Bundle):19:19 -> onCreate
    18:29:void onCreate(android.os.Bundle):20:20 -> onCreate
    30:35:void onCreate(android.os.Bundle):27:27 -> onCreate
    36:45:void onCreate(android.os.Bundle):28:28 -> onCreate
com.example.xlkeyboard.MainActivity$1 -> a.a:
# {"id":"sourceFile","fileName":"MainActivity.java"}
    int a.MainActivity$1.$r8$classId -> a
      # {"id":"com.android.tools.r8.synthesized"}
    com.example.xlkeyboard.MainActivity this$0 -> b
    1:8:void a.MainActivity$1.<init>(com.example.xlkeyboard.MainActivity,int):0:0 -> <init>
      # {"id":"com.android.tools.r8.synthesized"}
    6:17:void com.example.xlkeyboard.MainActivity$2.onClick(android.view.View):31:31 -> onClick
    18:21:void com.example.xlkeyboard.MainActivity$2.onClick(android.view.View):33:33 -> onClick
    22:34:void onClick(android.view.View):23:23 -> onClick
com.example.xlkeyboard.NumberPadService -> com.example.xlkeyboard.NumberPadService:
# {"id":"sourceFile","fileName":"NumberPadService.java"}
    android.content.SharedPreferences prefs -> a
    boolean isTabModeEnabled -> b
    boolean isQwertyMode -> c
    boolean isShiftEnabled -> d
    boolean isCapsLock -> e
    long lastShiftPressTime -> f
    boolean autoCapitalizeNext -> g
    android.widget.Button toggleButton -> h
    android.widget.Button shiftButton -> i
    android.widget.Button[] letterButtons -> j
    java.lang.String[] letters -> k
    android.os.Handler deleteHandler -> l
    java.lang.Runnable deleteRunnable -> m
      # {"id":"com.android.tools.r8.residualsignature","signature":"La/h;"}
    int $r8$clinit -> n
      # {"id":"com.android.tools.r8.synthesized"}
    1:1:void <init>():12:12 -> <init>
    2:6:void <init>():19:23 -> <init>
    7:7:void <init>():26:26 -> <init>
    8:8:void <init>():31:31 -> <init>
    9:10:void <init>():35:36 -> <init>
    1:1:android.view.View createQwertyView():105:105 -> a
    2:3:android.view.View createQwertyView():108:109 -> a
    4:6:void setupToggleButton(android.view.View,int):200:202 -> a
    4:6:android.view.View createQwertyView():114 -> a
    7:7:android.view.View createQwertyView():117:117 -> a
    8:9:android.view.View createQwertyView():120:121 -> a
    10:11:android.view.View createQwertyView():129:130 -> a
    12:12:android.view.View createQwertyView():133:133 -> a